INFO    : Staging deployment according to strategy static
INFO    : Staging `web` at `/workspaces/InvariantTheoryTextbook/output/stage`.
WARNING : No build for `print` was found in the directory `/workspaces/InvariantTheoryTextbook/output/print`.Try running `pretext build print` to build this component first.
INFO    : Skipping this target for now.
WARNING : No build for `latex` was found in the directory `/workspaces/InvariantTheoryTextbook/output/latex`.Try running `pretext build latex` to build this component first.
INFO    : Skipping this target for now.
INFO    : Staging custom static site located in `/workspaces/InvariantTheoryTextbook/site` at `/workspaces/InvariantTheoryTextbook/output/stage`.
INFO    : Deployment is now staged at `/workspaces/InvariantTheoryTextbook/output/stage`.
INFO    : Preparing to deploy from active `main` git branch.

INFO    : Changes to project source since last commit detected.
WARNING : Don't forget to either add and commit the changes to your source with git, or run `pretext deploy -u` to have these changes updated automatically.
WARNING : Just deploying your built project will not save changes to your source on GitHub.`
INFO    : Committing your latest build to the `gh-pages` branch.
INFO    : 
INFO    : Attempting to connect to remote repository at `https://github.com/SumnerSt/InvariantTheoryTextbook`...
INFO    : 
INFO    : 
INFO    : Latest build successfully pushed to GitHub!
INFO    : 
INFO    : To enable GitHub Pages, visit
INFO    :     https://github.com/SumnerSt/InvariantTheoryTextbook/settings/pages
INFO    : selecting the `gh-pages` branch with the `/ (root)` folder.
INFO    : 
INFO    : Visit
INFO    :     https://github.com/SumnerSt/InvariantTheoryTextbook/actions/
INFO    : to check on the status of your GitHub Pages deployment.
INFO    : 
INFO    : Your built project will soon be available to the public at:
INFO    :     https://SumnerSt.github.io/InvariantTheoryTextbook/
INFO    : 
